0 info it worked if it ends with ok
1 verbose cli [ '/Users/ania/.nvm/versions/node/v6.9.1/bin/node',
1 verbose cli   '/Users/ania/.nvm/versions/node/v6.9.1/bin/npm',
1 verbose cli   'publish' ]
2 info using npm@3.10.8
3 info using node@v6.9.1
4 verbose publish [ '.' ]
5 silly cache add args [ '.', null ]
6 verbose cache add spec .
7 silly cache add parsed spec Result {
7 silly cache add   raw: '.',
7 silly cache add   scope: null,
7 silly cache add   escapedName: null,
7 silly cache add   name: null,
7 silly cache add   rawSpec: '.',
7 silly cache add   spec: '/Users/ania/projects/react-native-draggable-board',
7 silly cache add   type: 'directory' }
8 verbose addLocalDirectory /Users/ania/.npm/react-native-draggable-board/1.0.5/package.tgz not in flight; packing
9 verbose correctMkdir /Users/ania/.npm correctMkdir not in flight; initializing
10 info lifecycle react-native-draggable-board@1.0.5~prepublish: react-native-draggable-board@1.0.5
11 silly lifecycle react-native-draggable-board@1.0.5~prepublish: no script for prepublish, continuing
12 verbose tar pack [ '/Users/ania/.npm/react-native-draggable-board/1.0.5/package.tgz',
12 verbose tar pack   '/Users/ania/projects/react-native-draggable-board' ]
13 verbose tarball /Users/ania/.npm/react-native-draggable-board/1.0.5/package.tgz
14 verbose folder /Users/ania/projects/react-native-draggable-board
15 verbose addLocalTarball adding from inside cache /Users/ania/.npm/react-native-draggable-board/1.0.5/package.tgz
16 verbose correctMkdir /Users/ania/.npm correctMkdir not in flight; initializing
17 silly cache afterAdd react-native-draggable-board@1.0.5
18 verbose afterAdd /Users/ania/.npm/react-native-draggable-board/1.0.5/package/package.json not in flight; writing
19 verbose correctMkdir /Users/ania/.npm correctMkdir not in flight; initializing
20 verbose afterAdd /Users/ania/.npm/react-native-draggable-board/1.0.5/package/package.json written
21 silly publish { name: 'react-native-draggable-board',
21 silly publish   version: '1.0.5',
21 silly publish   description: 'Draggable items in columns in srollable board',
21 silly publish   main: 'index.js',
21 silly publish   scripts: { test: 'echo "Error: no test specified" && exit 1' },
21 silly publish   dependencies:
21 silly publish    { underscore: '^1.8.3',
21 silly publish      'react-native': '^0.37.0',
21 silly publish      'react-timeout': '^1.0.0' },
21 silly publish   keywords:
21 silly publish    [ 'draggable',
21 silly publish      'drag',
21 silly publish      'drop',
21 silly publish      'board',
21 silly publish      'move',
21 silly publish      'sortable',
21 silly publish      'columns' ],
21 silly publish   author: { name: 'Anna Slimak', email: 'slimak.ania@gmail.com' },
21 silly publish   readmeFilename: 'README.md',
21 silly publish   maintainers: [ { name: 'Anna Slimak', email: 'slimak.ania@gmail.com' } ],
21 silly publish   repository: { type: 'git', url: '' },
21 silly publish   license: 'ISC',
21 silly publish   readme: '# React Native Draggable Board\n\nScrollable board component with sortable columns and draggable rows.\n\n**Disclaimer**: this is under development. Use at your own risk, see\n[issues](https://github.com/lesniakania/react-native-draggable-board/issues).\n\n![Drag and drop demo](https://github.com/lesniakania/react-native-draggable-board/raw/master/drag-and-drop-demo.gif) ![Drag and scroll demo](https://github.com/lesniakania/react-native-draggable-board/raw/master/drag-and-scroll-demo.gif)\n\n# Usage\n\nInstall library via `npm`\n\n`npm install react-native-draggable-board`\n\nFirst you need to build `RowRepository` with data:\n\n```js\n    const data = [\n      {\n        id: 1,\n        name: \'Column1\',\n        rows: [\n      { id: 1, name: \'Item1\' },\n      { id: 2, name: \'Item2\' },\n      { id: 3, name: \'Item3\' },\n      { id: 4, name: \'Item4\' },\n      { id: 5, name: \'Item5\' },\n      { id: 6, name: \'Item6\' },\n      { id: 7, name: \'Item7\' },\n      { id: 8, name: \'Item8\' }\n    ]\n  },\n  {\n    id: 2,\n    name: \'Column2\',\n    rows: [\n      { id: 9, name: \'Item9\' },\n      { id: 10, name: \'Item10\' }\n    ]\n  }\n];\nconst rowRepository = new RowRepository(data);\n```\n\nIf you need to fetch data asynchronously, you can initialize empty\nrepository and update it with data later:\n\n```js\nconst rowRepository = new RowRepository(data);\nrowRepository.updateData(data);\n```\n\nThen you can render the `Board`:\n\n```jsx\n  <Board\n    style={styles.board}\n    rowRepository={this.state.rowRepository}\n    renderRow={this.renderRow.bind(this)}\n    renderColumnWrapper={this.renderColumnWrapper.bind(this)}\n    open={this.onOpen.bind(this)}\n    onDragEnd={this.onDragEnd.bind(this)}\n  />\n```\n\n      Property      |       Type      |  Required | Description\n--------------------|-----------------|-----------|------------\nrowRepository       | `RowRepository` |    yes    | object that holds data\nrenderRow           | `function`      |    yes    | function responsible for rendering row item\nrenderColumnWrapper | `function`      |    no     | function responsible for rendering wrapper of the column if needed\nopen                | `function`      |    no     | function invoked when item pressed\nonDragEnd           | `function`      |    no     | function invoked when drag is finished\nstyle               | `object`        |    no     | custom styles for the board `ScrollView`\n\n\n# Example\n\nSee [ReactNativeDraggableBoardExample](https://github.com/lesniakania/ReactNativeDraggableBoardExample) for more details.\n\n# Supported platforms\n\nBoth iOS and Android are supported.\n\n# Issues\n\nCheck [issues tab](https://github.com/lesniakania/react-native-draggable-board/issues)\n\n# Licence\n\nISC License\n\nCopyright (c) 2016, Anna Slimak\n\nPermission to use, copy, modify, and/or distribute this software for any purpose with or without fee is hereby granted, provided that the above copyright notice and this permission notice appear in all copies.\n\nTHE SOFTWARE IS PROVIDED "AS IS" AND THE AUTHOR DISCLAIMS ALL WARRANTIES WITH REGARD TO THIS SOFTWARE INCLUDING ALL IMPLIED WARRANTIES OF MERCHANTABILITY AND FITNESS. IN NO EVENT SHALL THE AUTHOR BE LIABLE FOR ANY SPECIAL, DIRECT, INDIRECT, OR CONSEQUENTIAL DAMAGES OR ANY DAMAGES WHATSOEVER RESULTING FROM LOSS OF USE, DATA OR PROFITS, WHETHER IN AN ACTION OF CONTRACT, NEGLIGENCE OR OTHER TORTIOUS ACTION, ARISING OUT OF OR IN CONNECTION WITH THE USE OR PERFORMANCE OF THIS SOFTWARE.\n\n',
21 silly publish   gitHead: 'ee7ab9e7b66979395c484fb78e7f1ca4d9f44931',
21 silly publish   _id: 'react-native-draggable-board@1.0.5',
21 silly publish   _shasum: '83a47cbe0a1c8741a58b11ad97aa6cc2883fdde4',
21 silly publish   _from: '.' }
22 verbose getPublishConfig undefined
23 silly mapToRegistry name react-native-draggable-board
24 silly mapToRegistry using default registry
25 silly mapToRegistry registry https://registry.npmjs.org/
26 silly mapToRegistry data Result {
26 silly mapToRegistry   raw: 'react-native-draggable-board',
26 silly mapToRegistry   scope: null,
26 silly mapToRegistry   escapedName: 'react-native-draggable-board',
26 silly mapToRegistry   name: 'react-native-draggable-board',
26 silly mapToRegistry   rawSpec: '',
26 silly mapToRegistry   spec: 'latest',
26 silly mapToRegistry   type: 'tag' }
27 silly mapToRegistry uri https://registry.npmjs.org/react-native-draggable-board
28 verbose publish registryBase https://registry.npmjs.org/
29 silly publish uploading /Users/ania/.npm/react-native-draggable-board/1.0.5/package.tgz
30 verbose request uri https://registry.npmjs.org/react-native-draggable-board
31 verbose request sending authorization for write operation
32 info attempt registry request try #1 at 8:02:37 PM
33 verbose request using bearer token for auth
34 verbose request id 3d4534d27d615646
35 http request PUT https://registry.npmjs.org/react-native-draggable-board
36 http 403 https://registry.npmjs.org/react-native-draggable-board
37 verbose headers { 'content-type': 'application/json',
37 verbose headers   'cache-control': 'max-age=300',
37 verbose headers   'content-length': '95',
37 verbose headers   'accept-ranges': 'bytes',
37 verbose headers   date: 'Sun, 05 Feb 2017 19:02:42 GMT',
37 verbose headers   via: '1.1 varnish',
37 verbose headers   connection: 'keep-alive',
37 verbose headers   'x-served-by': 'cache-hhn1534-HHN',
37 verbose headers   'x-cache': 'MISS',
37 verbose headers   'x-cache-hits': '0',
37 verbose headers   'x-timer': 'S1486321358.162994,VS0,VE4456',
37 verbose headers   vary: 'Accept-Encoding' }
38 verbose request invalidating /Users/ania/.npm/registry.npmjs.org/react-native-draggable-board on PUT
39 error publish Failed PUT 403
40 verbose stack Error: "You cannot publish over the previously published version 1.0.5." : react-native-draggable-board
40 verbose stack     at makeError (/Users/ania/.nvm/versions/node/v6.9.1/lib/node_modules/npm/node_modules/npm-registry-client/lib/request.js:302:12)
40 verbose stack     at CachingRegistryClient.<anonymous> (/Users/ania/.nvm/versions/node/v6.9.1/lib/node_modules/npm/node_modules/npm-registry-client/lib/request.js:290:14)
40 verbose stack     at Request._callback (/Users/ania/.nvm/versions/node/v6.9.1/lib/node_modules/npm/node_modules/npm-registry-client/lib/request.js:210:14)
40 verbose stack     at Request.self.callback (/Users/ania/.nvm/versions/node/v6.9.1/lib/node_modules/npm/node_modules/request/request.js:187:22)
40 verbose stack     at emitTwo (events.js:106:13)
40 verbose stack     at Request.emit (events.js:191:7)
40 verbose stack     at Request.<anonymous> (/Users/ania/.nvm/versions/node/v6.9.1/lib/node_modules/npm/node_modules/request/request.js:1044:10)
40 verbose stack     at emitOne (events.js:96:13)
40 verbose stack     at Request.emit (events.js:188:7)
40 verbose stack     at IncomingMessage.<anonymous> (/Users/ania/.nvm/versions/node/v6.9.1/lib/node_modules/npm/node_modules/request/request.js:965:12)
41 verbose statusCode 403
42 verbose pkgid react-native-draggable-board
43 verbose cwd /Users/ania/projects/react-native-draggable-board
44 error Darwin 16.1.0
45 error argv "/Users/ania/.nvm/versions/node/v6.9.1/bin/node" "/Users/ania/.nvm/versions/node/v6.9.1/bin/npm" "publish"
46 error node v6.9.1
47 error npm  v3.10.8
48 error code E403
49 error "You cannot publish over the previously published version 1.0.5." : react-native-draggable-board
50 error If you need help, you may report this error at:
50 error     <https://github.com/npm/npm/issues>
51 verbose exit [ 1, true ]
